# JRE version: OpenJDK Runtime Environment Temurin-17.0.13+11 (17.0.13+11) (build 17.0.13+11)
# Java VM: OpenJDK 64-Bit Server VM Temurin-17.0.13+11 (17.0.13+11, mixed mode, tiered, compressed oops, compressed class ptrs, parallel gc, windows-amd64)
GC Precious Log:
 CPUs: 20 total, 20 available
 Memory: 32538M
 Large Page Support: Disabled
 NUMA Support: Disabled
 Compressed Oops: Enabled (32-bit)
 Alignments: Space 512K, Generation 512K, Heap 2M
 Heap Min Capacity: 100M
 Heap Initial Capacity: 100M
 Heap Max Capacity: 1G
 Pre-touch: Disabled
 Parallel Workers: 15
Heap:
 PSYoungGen      total 4096K, used 4096K [0x00000000eab00000, 0x00000000eb200000, 0x0000000100000000)
  eden space 3072K, 100% used [0x00000000eab00000,0x00000000eae00000,0x00000000eae00000)
  from space 1024K, 100% used [0x00000000eae00000,0x00000000eaf00000,0x00000000eaf00000)
  to   space 2048K, 0% used [0x00000000eb000000,0x00000000eb000000,0x00000000eb200000)
 ParOldGen       total 148480K, used 148329K [0x00000000c0000000, 0x00000000c9100000, 0x00000000eab00000)
  object space 148480K, 99% used [0x00000000c0000000,0x00000000c90da458,0x00000000c9100000)
 Metaspace       used 98629K, committed 99968K, reserved 1179648K
  class space    used 9584K, committed 10176K, reserved 1048576K
GC Heap History (20 events):
Event: 3956.349 GC heap after
{Heap after GC invocations=8799 (full 162):
 PSYoungGen      total 4096K, used 768K [0x00000000eab00000, 0x00000000eb100000, 0x0000000100000000)
  eden space 3072K, 0% used [0x00000000eab00000,0x00000000eab00000,0x00000000eae00000)
  from space 1024K, 75% used [0x00000000eb000000,0x00000000eb0c0020,0x00000000eb100000)
  to   space 1024K, 0% used [0x00000000eaf00000,0x00000000eaf00000,0x00000000eb000000)
 ParOldGen       total 148480K, used 143970K [0x00000000c0000000, 0x00000000c9100000, 0x00000000eab00000)
  object space 148480K, 96% used [0x00000000c0000000,0x00000000c8c98938,0x00000000c9100000)
 Metaspace       used 98629K, committed 99968K, reserved 1179648K
  class space    used 9584K, committed 10176K, reserved 1048576K
}
Event: 3956.445 GC heap before
{Heap before GC invocations=8800 (full 162):
 PSYoungGen      total 4096K, used 3840K [0x00000000eab00000, 0x00000000eb100000, 0x0000000100000000)
  eden space 3072K, 100% used [0x00000000eab00000,0x00000000eae00000,0x00000000eae00000)
  from space 1024K, 75% used [0x00000000eb000000,0x00000000eb0c0020,0x00000000eb100000)
  to   space 1024K, 0% used [0x00000000eaf00000,0x00000000eaf00000,0x00000000eb000000)
 ParOldGen       total 148480K, used 143970K [0x00000000c0000000, 0x00000000c9100000, 0x00000000eab00000)
  object space 148480K, 96% used [0x00000000c0000000,0x00000000c8c98938,0x00000000c9100000)
 Metaspace       used 98629K, committed 99968K, reserved 1179648K
  class space    used 9584K, committed 10176K, reserved 1048576K
}
Event: 3956.445 GC heap after
{Heap after GC invocations=8800 (full 162):
 PSYoungGen      total 4096K, used 544K [0x00000000eab00000, 0x00000000eb080000, 0x0000000100000000)
  eden space 3072K, 0% used [0x00000000eab00000,0x00000000eab00000,0x00000000eae00000)
  from space 1024K, 53% used [0x00000000eaf00000,0x00000000eaf88020,0x00000000eb000000)
  to   space 512K, 0% used [0x00000000eb000000,0x00000000eb000000,0x00000000eb080000)
 ParOldGen       total 148480K, used 144514K [0x00000000c0000000, 0x00000000c9100000, 0x00000000eab00000)
  object space 148480K, 97% used [0x00000000c0000000,0x00000000c8d20a58,0x00000000c9100000)
 Metaspace       used 98629K, committed 99968K, reserved 1179648K
  class space    used 9584K, committed 10176K, reserved 1048576K
}
Event: 3956.473 GC heap before
{Heap before GC invocations=8801 (full 162):
 PSYoungGen      total 4096K, used 3616K [0x00000000eab00000, 0x00000000eb080000, 0x0000000100000000)
  eden space 3072K, 100% used [0x00000000eab00000,0x00000000eae00000,0x00000000eae00000)
  from space 1024K, 53% used [0x00000000eaf00000,0x00000000eaf88020,0x00000000eb000000)
  to   space 512K, 0% used [0x00000000eb000000,0x00000000eb000000,0x00000000eb080000)
 ParOldGen       total 148480K, used 144514K [0x00000000c0000000, 0x00000000c9100000, 0x00000000eab00000)
  object space 148480K, 97% used [0x00000000c0000000,0x00000000c8d20a58,0x00000000c9100000)
 Metaspace       used 98629K, committed 99968K, reserved 1179648K
  class space    used 9584K, committed 10176K, reserved 1048576K
}
Event: 3956.473 GC heap after
{Heap after GC invocations=8801 (full 162):
 PSYoungGen      total 3584K, used 448K [0x00000000eab00000, 0x00000000eb080000, 0x0000000100000000)
  eden space 3072K, 0% used [0x00000000eab00000,0x00000000eab00000,0x00000000eae00000)
  from space 512K, 87% used [0x00000000eb000000,0x00000000eb070000,0x00000000eb080000)
  to   space 512K, 0% used [0x00000000eaf80000,0x00000000eaf80000,0x00000000eb000000)
 ParOldGen       total 148480K, used 144653K [0x00000000c0000000, 0x00000000c9100000, 0x00000000eab00000)
  object space 148480K, 97% used [0x00000000c0000000,0x00000000c8d436b8,0x00000000c9100000)
 Metaspace       used 98629K, committed 99968K, reserved 1179648K
  class space    used 9584K, committed 10176K, reserved 1048576K
}
Event: 3956.477 GC heap before
{Heap before GC invocations=8802 (full 162):
 PSYoungGen      total 3584K, used 3520K [0x00000000eab00000, 0x00000000eb080000, 0x0000000100000000)
  eden space 3072K, 100% used [0x00000000eab00000,0x00000000eae00000,0x00000000eae00000)
  from space 512K, 87% used [0x00000000eb000000,0x00000000eb070000,0x00000000eb080000)
  to   space 512K, 0% used [0x00000000eaf80000,0x00000000eaf80000,0x00000000eb000000)
 ParOldGen       total 148480K, used 144653K [0x00000000c0000000, 0x00000000c9100000, 0x00000000eab00000)
  object space 148480K, 97% used [0x00000000c0000000,0x00000000c8d436b8,0x00000000c9100000)
 Metaspace       used 98629K, committed 99968K, reserved 1179648K
  class space    used 9584K, committed 10176K, reserved 1048576K
}
Event: 3956.477 GC heap after
{Heap after GC invocations=8802 (full 162):
 PSYoungGen      total 3584K, used 480K [0x00000000eab00000, 0x00000000eb100000, 0x0000000100000000)
  eden space 3072K, 0% used [0x00000000eab00000,0x00000000eab00000,0x00000000eae00000)
  from space 512K, 93% used [0x00000000eaf80000,0x00000000eaff8010,0x00000000eb000000)
  to   space 1024K, 0% used [0x00000000eb000000,0x00000000eb000000,0x00000000eb100000)
 ParOldGen       total 148480K, used 145419K [0x00000000c0000000, 0x00000000c9100000, 0x00000000eab00000)
  object space 148480K, 97% used [0x00000000c0000000,0x00000000c8e02fb8,0x00000000c9100000)
 Metaspace       used 98629K, committed 99968K, reserved 1179648K
  class space    used 9584K, committed 10176K, reserved 1048576K
}
Event: 3956.482 GC heap before
{Heap before GC invocations=8803 (full 162):
 PSYoungGen      total 3584K, used 3552K [0x00000000eab00000, 0x00000000eb100000, 0x0000000100000000)
  eden space 3072K, 100% used [0x00000000eab00000,0x00000000eae00000,0x00000000eae00000)
  from space 512K, 93% used [0x00000000eaf80000,0x00000000eaff8010,0x00000000eb000000)
  to   space 1024K, 0% used [0x00000000eb000000,0x00000000eb000000,0x00000000eb100000)
 ParOldGen       total 148480K, used 145419K [0x00000000c0000000, 0x00000000c9100000, 0x00000000eab00000)
  object space 148480K, 97% used [0x00000000c0000000,0x00000000c8e02fb8,0x00000000c9100000)
 Metaspace       used 98629K, committed 99968K, reserved 1179648K
  class space    used 9584K, committed 10176K, reserved 1048576K
}
Event: 3956.483 GC heap after
{Heap after GC invocations=8803 (full 162):
 PSYoungGen      total 4096K, used 1024K [0x00000000eab00000, 0x00000000eb100000, 0x0000000100000000)
  eden space 3072K, 0% used [0x00000000eab00000,0x00000000eab00000,0x00000000eae00000)
  from space 1024K, 100% used [0x00000000eb000000,0x00000000eb100000,0x00000000eb100000)
  to   space 1536K, 0% used [0x00000000eae00000,0x00000000eae00000,0x00000000eaf80000)
 ParOldGen       total 148480K, used 145942K [0x00000000c0000000, 0x00000000c9100000, 0x00000000eab00000)
  object space 148480K, 98% used [0x00000000c0000000,0x00000000c8e85a20,0x00000000c9100000)
 Metaspace       used 98629K, committed 99968K, reserved 1179648K
  class space    used 9584K, committed 10176K, reserved 1048576K
}
Event: 3956.704 GC heap before
{Heap before GC invocations=8804 (full 162):
 PSYoungGen      total 4096K, used 4096K [0x00000000eab00000, 0x00000000eb100000, 0x0000000100000000)
  eden space 3072K, 100% used [0x00000000eab00000,0x00000000eae00000,0x00000000eae00000)
  from space 1024K, 100% used [0x00000000eb000000,0x00000000eb100000,0x00000000eb100000)
  to   space 1536K, 0% used [0x00000000eae00000,0x00000000eae00000,0x00000000eaf80000)
 ParOldGen       total 148480K, used 145942K [0x00000000c0000000, 0x00000000c9100000, 0x00000000eab00000)
  object space 148480K, 98% used [0x00000000c0000000,0x00000000c8e85a20,0x00000000c9100000)
 Metaspace       used 98629K, committed 99968K, reserved 1179648K
  class space    used 9584K, committed 10176K, reserved 1048576K
}
Event: 3956.705 GC heap after
{Heap after GC invocations=8804 (full 162):
 PSYoungGen      total 4608K, used 736K [0x00000000eab00000, 0x00000000eb080000, 0x0000000100000000)
  eden space 3072K, 0% used [0x00000000eab00000,0x00000000eab00000,0x00000000eae00000)
  from space 1536K, 47% used [0x00000000eae00000,0x00000000eaeb8000,0x00000000eaf80000)
  to   space 1024K, 0% used [0x00000000eaf80000,0x00000000eaf80000,0x00000000eb080000)
 ParOldGen       total 148480K, used 146815K [0x00000000c0000000, 0x00000000c9100000, 0x00000000eab00000)
  object space 148480K, 98% used [0x00000000c0000000,0x00000000c8f5ffd0,0x00000000c9100000)
 Metaspace       used 98629K, committed 99968K, reserved 1179648K
  class space    used 9584K, committed 10176K, reserved 1048576K
}
Event: 3956.707 GC heap before
{Heap before GC invocations=8805 (full 162):
 PSYoungGen      total 4608K, used 3808K [0x00000000eab00000, 0x00000000eb080000, 0x0000000100000000)
  eden space 3072K, 100% used [0x00000000eab00000,0x00000000eae00000,0x00000000eae00000)
  from space 1536K, 47% used [0x00000000eae00000,0x00000000eaeb8000,0x00000000eaf80000)
  to   space 1024K, 0% used [0x00000000eaf80000,0x00000000eaf80000,0x00000000eb080000)
 ParOldGen       total 148480K, used 146815K [0x00000000c0000000, 0x00000000c9100000, 0x00000000eab00000)
  object space 148480K, 98% used [0x00000000c0000000,0x00000000c8f5ffd0,0x00000000c9100000)
 Metaspace       used 98629K, committed 99968K, reserved 1179648K
  class space    used 9584K, committed 10176K, reserved 1048576K
}
Event: 3956.707 GC heap after
{Heap after GC invocations=8805 (full 162):
 PSYoungGen      total 3584K, used 496K [0x00000000eab00000, 0x00000000eb000000, 0x0000000100000000)
  eden space 3072K, 0% used [0x00000000eab00000,0x00000000eab00000,0x00000000eae00000)
  from space 512K, 96% used [0x00000000eaf80000,0x00000000eaffc030,0x00000000eb000000)
  to   space 1024K, 0% used [0x00000000eae00000,0x00000000eae00000,0x00000000eaf00000)
 ParOldGen       total 148480K, used 147310K [0x00000000c0000000, 0x00000000c9100000, 0x00000000eab00000)
  object space 148480K, 99% used [0x00000000c0000000,0x00000000c8fdbac8,0x00000000c9100000)
 Metaspace       used 98629K, committed 99968K, reserved 1179648K
  class space    used 9584K, committed 10176K, reserved 1048576K
}
Event: 3956.801 GC heap before
{Heap before GC invocations=8806 (full 162):
 PSYoungGen      total 3584K, used 3568K [0x00000000eab00000, 0x00000000eb000000, 0x0000000100000000)
  eden space 3072K, 100% used [0x00000000eab00000,0x00000000eae00000,0x00000000eae00000)
  from space 512K, 96% used [0x00000000eaf80000,0x00000000eaffc030,0x00000000eb000000)
  to   space 1024K, 0% used [0x00000000eae00000,0x00000000eae00000,0x00000000eaf00000)
 ParOldGen       total 148480K, used 147310K [0x00000000c0000000, 0x00000000c9100000, 0x00000000eab00000)
  object space 148480K, 99% used [0x00000000c0000000,0x00000000c8fdbac8,0x00000000c9100000)
 Metaspace       used 98629K, committed 99968K, reserved 1179648K
  class space    used 9584K, committed 10176K, reserved 1048576K
}
Event: 3956.802 GC heap after
{Heap after GC invocations=8806 (full 162):
 PSYoungGen      total 4096K, used 448K [0x00000000eab00000, 0x00000000eb000000, 0x0000000100000000)
  eden space 3072K, 0% used [0x00000000eab00000,0x00000000eab00000,0x00000000eae00000)
  from space 1024K, 43% used [0x00000000eae00000,0x00000000eae70000,0x00000000eaf00000)
  to   space 512K, 0% used [0x00000000eaf80000,0x00000000eaf80000,0x00000000eb000000)
 ParOldGen       total 148480K, used 147486K [0x00000000c0000000, 0x00000000c9100000, 0x00000000eab00000)
  object space 148480K, 99% used [0x00000000c0000000,0x00000000c9007af8,0x00000000c9100000)
 Metaspace       used 98629K, committed 99968K, reserved 1179648K
  class space    used 9584K, committed 10176K, reserved 1048576K
}
Event: 3956.860 GC heap before
{Heap before GC invocations=8807 (full 162):
 PSYoungGen      total 4096K, used 3519K [0x00000000eab00000, 0x00000000eb000000, 0x0000000100000000)
  eden space 3072K, 99% used [0x00000000eab00000,0x00000000eadffff0,0x00000000eae00000)
  from space 1024K, 43% used [0x00000000eae00000,0x00000000eae70000,0x00000000eaf00000)
  to   space 512K, 0% used [0x00000000eaf80000,0x00000000eaf80000,0x00000000eb000000)
 ParOldGen       total 148480K, used 147486K [0x00000000c0000000, 0x00000000c9100000, 0x00000000eab00000)
  object space 148480K, 99% used [0x00000000c0000000,0x00000000c9007af8,0x00000000c9100000)
 Metaspace       used 98629K, committed 99968K, reserved 1179648K
  class space    used 9584K, committed 10176K, reserved 1048576K
}
Event: 3956.860 GC heap after
{Heap after GC invocations=8807 (full 162):
 PSYoungGen      total 3584K, used 512K [0x00000000eab00000, 0x00000000eb000000, 0x0000000100000000)
  eden space 3072K, 0% used [0x00000000eab00000,0x00000000eab00000,0x00000000eae00000)
  from space 512K, 100% used [0x00000000eaf80000,0x00000000eb000000,0x00000000eb000000)
  to   space 1024K, 0% used [0x00000000eae00000,0x00000000eae00000,0x00000000eaf00000)
 ParOldGen       total 148480K, used 147742K [0x00000000c0000000, 0x00000000c9100000, 0x00000000eab00000)
  object space 148480K, 99% used [0x00000000c0000000,0x00000000c9047b08,0x00000000c9100000)
 Metaspace       used 98629K, committed 99968K, reserved 1179648K
  class space    used 9584K, committed 10176K, reserved 1048576K
}
Event: 3956.864 GC heap before
{Heap before GC invocations=8808 (full 162):
 PSYoungGen      total 3584K, used 3583K [0x00000000eab00000, 0x00000000eb000000, 0x0000000100000000)
  eden space 3072K, 99% used [0x00000000eab00000,0x00000000eadffff8,0x00000000eae00000)
  from space 512K, 100% used [0x00000000eaf80000,0x00000000eb000000,0x00000000eb000000)
  to   space 1024K, 0% used [0x00000000eae00000,0x00000000eae00000,0x00000000eaf00000)
 ParOldGen       total 148480K, used 147742K [0x00000000c0000000, 0x00000000c9100000, 0x00000000eab00000)
  object space 148480K, 99% used [0x00000000c0000000,0x00000000c9047b08,0x00000000c9100000)
 Metaspace       used 98629K, committed 99968K, reserved 1179648K
  class space    used 9584K, committed 10176K, reserved 1048576K
}
Event: 3956.865 GC heap after
{Heap after GC invocations=8808 (full 162):
 PSYoungGen      total 4096K, used 1024K [0x00000000eab00000, 0x00000000eb200000, 0x0000000100000000)
  eden space 3072K, 0% used [0x00000000eab00000,0x00000000eab00000,0x00000000eae00000)
  from space 1024K, 100% used [0x00000000eae00000,0x00000000eaf00000,0x00000000eaf00000)
  to   space 2048K, 0% used [0x00000000eb000000,0x00000000eb000000,0x00000000eb200000)
 ParOldGen       total 148480K, used 148329K [0x00000000c0000000, 0x00000000c9100000, 0x00000000eab00000)
  object space 148480K, 99% used [0x00000000c0000000,0x00000000c90da458,0x00000000c9100000)
 Metaspace       used 98629K, committed 99968K, reserved 1179648K
  class space    used 9584K, committed 10176K, reserved 1048576K
}
Event: 3956.869 GC heap before
{Heap before GC invocations=8809 (full 163):
 PSYoungGen      total 4096K, used 4096K [0x00000000eab00000, 0x00000000eb200000, 0x0000000100000000)
  eden space 3072K, 100% used [0x00000000eab00000,0x00000000eae00000,0x00000000eae00000)
  from space 1024K, 100% used [0x00000000eae00000,0x00000000eaf00000,0x00000000eaf00000)
  to   space 2048K, 0% used [0x00000000eb000000,0x00000000eb000000,0x00000000eb200000)
 ParOldGen       total 148480K, used 148329K [0x00000000c0000000, 0x00000000c9100000, 0x00000000eab00000)
  object space 148480K, 99% used [0x00000000c0000000,0x00000000c90da458,0x00000000c9100000)
 Metaspace       used 98629K, committed 99968K, reserved 1179648K
  class space    used 9584K, committed 10176K, reserved 1048576K
}

