# JRE version: OpenJDK Runtime Environment Temurin-17.0.13+11 (17.0.13+11) (build 17.0.13+11)
# Java VM: OpenJDK 64-Bit Server VM Temurin-17.0.13+11 (17.0.13+11, mixed mode, tiered, compressed oops, compressed class ptrs, parallel gc, windows-amd64)
GC Precious Log:
 CPUs: 20 total, 20 available
 Memory: 32538M
 Large Page Support: Disabled
 NUMA Support: Disabled
 Compressed Oops: Enabled (32-bit)
 Alignments: Space 512K, Generation 512K, Heap 2M
 Heap Min Capacity: 100M
 Heap Initial Capacity: 100M
 Heap Max Capacity: 1G
 Pre-touch: Disabled
 Parallel Workers: 15
Heap:
 PSYoungGen      total 3584K, used 3576K [0x00000000eab00000, 0x00000000eba00000, 0x0000000100000000)
  eden space 1024K, 100% used [0x00000000eab00000,0x00000000eac00000,0x00000000eac00000)
  from space 2560K, 99% used [0x00000000eb180000,0x00000000eb3fe3d0,0x00000000eb400000)
  to   space 5632K, 0% used [0x00000000eac00000,0x00000000eac00000,0x00000000eb180000)
 ParOldGen       total 320000K, used 319906K [0x00000000c0000000, 0x00000000d3880000, 0x00000000eab00000)
  object space 320000K, 99% used [0x00000000c0000000,0x00000000d3868848,0x00000000d3880000)
 Metaspace       used 94190K, committed 95808K, reserved 1179648K
  class space    used 9663K, committed 10432K, reserved 1048576K
GC Heap History (20 events):
Event: 248.781 GC heap after
{Heap after GC invocations=455 (full 12):
 PSYoungGen      total 6656K, used 2272K [0x00000000eab00000, 0x00000000eb400000, 0x0000000100000000)
  eden space 4096K, 0% used [0x00000000eab00000,0x00000000eab00000,0x00000000eaf00000)
  from space 2560K, 88% used [0x00000000eaf00000,0x00000000eb138020,0x00000000eb180000)
  to   space 2560K, 0% used [0x00000000eb180000,0x00000000eb180000,0x00000000eb400000)
 ParOldGen       total 319488K, used 314594K [0x00000000c0000000, 0x00000000d3800000, 0x00000000eab00000)
  object space 319488K, 98% used [0x00000000c0000000,0x00000000d3338860,0x00000000d3800000)
 Metaspace       used 94184K, committed 95808K, reserved 1179648K
  class space    used 9663K, committed 10432K, reserved 1048576K
}
Event: 249.062 GC heap before
{Heap before GC invocations=456 (full 12):
 PSYoungGen      total 6656K, used 6368K [0x00000000eab00000, 0x00000000eb400000, 0x0000000100000000)
  eden space 4096K, 100% used [0x00000000eab00000,0x00000000eaf00000,0x00000000eaf00000)
  from space 2560K, 88% used [0x00000000eaf00000,0x00000000eb138020,0x00000000eb180000)
  to   space 2560K, 0% used [0x00000000eb180000,0x00000000eb180000,0x00000000eb400000)
 ParOldGen       total 319488K, used 314594K [0x00000000c0000000, 0x00000000d3800000, 0x00000000eab00000)
  object space 319488K, 98% used [0x00000000c0000000,0x00000000d3338860,0x00000000d3800000)
 Metaspace       used 94184K, committed 95808K, reserved 1179648K
  class space    used 9663K, committed 10432K, reserved 1048576K
}
Event: 249.063 GC heap after
{Heap after GC invocations=456 (full 12):
 PSYoungGen      total 6144K, used 1600K [0x00000000eab00000, 0x00000000eb380000, 0x0000000100000000)
  eden space 4096K, 0% used [0x00000000eab00000,0x00000000eab00000,0x00000000eaf00000)
  from space 2048K, 78% used [0x00000000eb180000,0x00000000eb310020,0x00000000eb380000)
  to   space 2048K, 0% used [0x00000000eaf80000,0x00000000eaf80000,0x00000000eb180000)
 ParOldGen       total 319488K, used 314594K [0x00000000c0000000, 0x00000000d3800000, 0x00000000eab00000)
  object space 319488K, 98% used [0x00000000c0000000,0x00000000d3338860,0x00000000d3800000)
 Metaspace       used 94184K, committed 95808K, reserved 1179648K
  class space    used 9663K, committed 10432K, reserved 1048576K
}
Event: 250.244 GC heap before
{Heap before GC invocations=457 (full 12):
 PSYoungGen      total 6144K, used 5696K [0x00000000eab00000, 0x00000000eb380000, 0x0000000100000000)
  eden space 4096K, 99% used [0x00000000eab00000,0x00000000eaefffe0,0x00000000eaf00000)
  from space 2048K, 78% used [0x00000000eb180000,0x00000000eb310020,0x00000000eb380000)
  to   space 2048K, 0% used [0x00000000eaf80000,0x00000000eaf80000,0x00000000eb180000)
 ParOldGen       total 319488K, used 314594K [0x00000000c0000000, 0x00000000d3800000, 0x00000000eab00000)
  object space 319488K, 98% used [0x00000000c0000000,0x00000000d3338860,0x00000000d3800000)
 Metaspace       used 94184K, committed 95808K, reserved 1179648K
  class space    used 9663K, committed 10432K, reserved 1048576K
}
Event: 250.245 GC heap after
{Heap after GC invocations=457 (full 12):
 PSYoungGen      total 6144K, used 2032K [0x00000000eab00000, 0x00000000eb500000, 0x0000000100000000)
  eden space 4096K, 0% used [0x00000000eab00000,0x00000000eab00000,0x00000000eaf00000)
  from space 2048K, 99% used [0x00000000eaf80000,0x00000000eb17c050,0x00000000eb180000)
  to   space 3072K, 0% used [0x00000000eb200000,0x00000000eb200000,0x00000000eb500000)
 ParOldGen       total 319488K, used 314994K [0x00000000c0000000, 0x00000000d3800000, 0x00000000eab00000)
  object space 319488K, 98% used [0x00000000c0000000,0x00000000d339c860,0x00000000d3800000)
 Metaspace       used 94184K, committed 95808K, reserved 1179648K
  class space    used 9663K, committed 10432K, reserved 1048576K
}
Event: 250.699 GC heap before
{Heap before GC invocations=458 (full 12):
 PSYoungGen      total 6144K, used 6128K [0x00000000eab00000, 0x00000000eb500000, 0x0000000100000000)
  eden space 4096K, 100% used [0x00000000eab00000,0x00000000eaf00000,0x00000000eaf00000)
  from space 2048K, 99% used [0x00000000eaf80000,0x00000000eb17c050,0x00000000eb180000)
  to   space 3072K, 0% used [0x00000000eb200000,0x00000000eb200000,0x00000000eb500000)
 ParOldGen       total 319488K, used 314994K [0x00000000c0000000, 0x00000000d3800000, 0x00000000eab00000)
  object space 319488K, 98% used [0x00000000c0000000,0x00000000d339c860,0x00000000d3800000)
 Metaspace       used 94186K, committed 95808K, reserved 1179648K
  class space    used 9663K, committed 10432K, reserved 1048576K
}
Event: 250.704 GC heap after
{Heap after GC invocations=458 (full 12):
 PSYoungGen      total 6144K, used 1600K [0x00000000eab00000, 0x00000000eb400000, 0x0000000100000000)
  eden space 4096K, 0% used [0x00000000eab00000,0x00000000eab00000,0x00000000eaf00000)
  from space 2048K, 78% used [0x00000000eb200000,0x00000000eb390040,0x00000000eb400000)
  to   space 2048K, 0% used [0x00000000eaf80000,0x00000000eaf80000,0x00000000eb180000)
 ParOldGen       total 319488K, used 315800K [0x00000000c0000000, 0x00000000d3800000, 0x00000000eab00000)
  object space 319488K, 98% used [0x00000000c0000000,0x00000000d34663e8,0x00000000d3800000)
 Metaspace       used 94186K, committed 95808K, reserved 1179648K
  class space    used 9663K, committed 10432K, reserved 1048576K
}
Event: 250.709 GC heap before
{Heap before GC invocations=459 (full 12):
 PSYoungGen      total 6144K, used 5696K [0x00000000eab00000, 0x00000000eb400000, 0x0000000100000000)
  eden space 4096K, 100% used [0x00000000eab00000,0x00000000eaf00000,0x00000000eaf00000)
  from space 2048K, 78% used [0x00000000eb200000,0x00000000eb390040,0x00000000eb400000)
  to   space 2048K, 0% used [0x00000000eaf80000,0x00000000eaf80000,0x00000000eb180000)
 ParOldGen       total 319488K, used 315800K [0x00000000c0000000, 0x00000000d3800000, 0x00000000eab00000)
  object space 319488K, 98% used [0x00000000c0000000,0x00000000d34663e8,0x00000000d3800000)
 Metaspace       used 94186K, committed 95808K, reserved 1179648K
  class space    used 9663K, committed 10432K, reserved 1048576K
}
Event: 250.710 GC heap after
{Heap after GC invocations=459 (full 12):
 PSYoungGen      total 6144K, used 2016K [0x00000000eab00000, 0x00000000eb400000, 0x0000000100000000)
  eden space 4096K, 0% used [0x00000000eab00000,0x00000000eab00000,0x00000000eaf00000)
  from space 2048K, 98% used [0x00000000eaf80000,0x00000000eb178060,0x00000000eb180000)
  to   space 2560K, 0% used [0x00000000eb180000,0x00000000eb180000,0x00000000eb400000)
 ParOldGen       total 319488K, used 315824K [0x00000000c0000000, 0x00000000d3800000, 0x00000000eab00000)
  object space 319488K, 98% used [0x00000000c0000000,0x00000000d346c3e8,0x00000000d3800000)
 Metaspace       used 94186K, committed 95808K, reserved 1179648K
  class space    used 9663K, committed 10432K, reserved 1048576K
}
Event: 252.515 GC heap before
{Heap before GC invocations=460 (full 12):
 PSYoungGen      total 6144K, used 6112K [0x00000000eab00000, 0x00000000eb400000, 0x0000000100000000)
  eden space 4096K, 100% used [0x00000000eab00000,0x00000000eaf00000,0x00000000eaf00000)
  from space 2048K, 98% used [0x00000000eaf80000,0x00000000eb178060,0x00000000eb180000)
  to   space 2560K, 0% used [0x00000000eb180000,0x00000000eb180000,0x00000000eb400000)
 ParOldGen       total 319488K, used 315824K [0x00000000c0000000, 0x00000000d3800000, 0x00000000eab00000)
  object space 319488K, 98% used [0x00000000c0000000,0x00000000d346c3e8,0x00000000d3800000)
 Metaspace       used 94186K, committed 95808K, reserved 1179648K
  class space    used 9663K, committed 10432K, reserved 1048576K
}
Event: 252.517 GC heap after
{Heap after GC invocations=460 (full 12):
 PSYoungGen      total 6656K, used 2032K [0x00000000eab00000, 0x00000000eb400000, 0x0000000100000000)
  eden space 4096K, 0% used [0x00000000eab00000,0x00000000eab00000,0x00000000eaf00000)
  from space 2560K, 79% used [0x00000000eb180000,0x00000000eb37c050,0x00000000eb400000)
  to   space 2560K, 0% used [0x00000000eaf00000,0x00000000eaf00000,0x00000000eb180000)
 ParOldGen       total 319488K, used 316443K [0x00000000c0000000, 0x00000000d3800000, 0x00000000eab00000)
  object space 319488K, 99% used [0x00000000c0000000,0x00000000d3506d08,0x00000000d3800000)
 Metaspace       used 94186K, committed 95808K, reserved 1179648K
  class space    used 9663K, committed 10432K, reserved 1048576K
}
Event: 252.803 GC heap before
{Heap before GC invocations=461 (full 12):
 PSYoungGen      total 6656K, used 6128K [0x00000000eab00000, 0x00000000eb400000, 0x0000000100000000)
  eden space 4096K, 100% used [0x00000000eab00000,0x00000000eaf00000,0x00000000eaf00000)
  from space 2560K, 79% used [0x00000000eb180000,0x00000000eb37c050,0x00000000eb400000)
  to   space 2560K, 0% used [0x00000000eaf00000,0x00000000eaf00000,0x00000000eb180000)
 ParOldGen       total 319488K, used 316443K [0x00000000c0000000, 0x00000000d3800000, 0x00000000eab00000)
  object space 319488K, 99% used [0x00000000c0000000,0x00000000d3506d08,0x00000000d3800000)
 Metaspace       used 94186K, committed 95808K, reserved 1179648K
  class space    used 9663K, committed 10432K, reserved 1048576K
}
Event: 252.805 GC heap after
{Heap after GC invocations=461 (full 12):
 PSYoungGen      total 6656K, used 2544K [0x00000000eab00000, 0x00000000eb500000, 0x0000000100000000)
  eden space 4096K, 0% used [0x00000000eab00000,0x00000000eab00000,0x00000000eaf00000)
  from space 2560K, 99% used [0x00000000eaf00000,0x00000000eb17c050,0x00000000eb180000)
  to   space 3072K, 0% used [0x00000000eb200000,0x00000000eb200000,0x00000000eb500000)
 ParOldGen       total 319488K, used 316627K [0x00000000c0000000, 0x00000000d3800000, 0x00000000eab00000)
  object space 319488K, 99% used [0x00000000c0000000,0x00000000d3534d08,0x00000000d3800000)
 Metaspace       used 94186K, committed 95808K, reserved 1179648K
  class space    used 9663K, committed 10432K, reserved 1048576K
}
Event: 252.916 GC heap before
{Heap before GC invocations=462 (full 12):
 PSYoungGen      total 6656K, used 6640K [0x00000000eab00000, 0x00000000eb500000, 0x0000000100000000)
  eden space 4096K, 100% used [0x00000000eab00000,0x00000000eaf00000,0x00000000eaf00000)
  from space 2560K, 99% used [0x00000000eaf00000,0x00000000eb17c050,0x00000000eb180000)
  to   space 3072K, 0% used [0x00000000eb200000,0x00000000eb200000,0x00000000eb500000)
 ParOldGen       total 319488K, used 316627K [0x00000000c0000000, 0x00000000d3800000, 0x00000000eab00000)
  object space 319488K, 99% used [0x00000000c0000000,0x00000000d3534d08,0x00000000d3800000)
 Metaspace       used 94186K, committed 95808K, reserved 1179648K
  class space    used 9663K, committed 10432K, reserved 1048576K
}
Event: 252.917 GC heap after
{Heap after GC invocations=462 (full 12):
 PSYoungGen      total 6656K, used 2080K [0x00000000eab00000, 0x00000000eb480000, 0x0000000100000000)
  eden space 4096K, 0% used [0x00000000eab00000,0x00000000eab00000,0x00000000eaf00000)
  from space 2560K, 81% used [0x00000000eb200000,0x00000000eb408040,0x00000000eb480000)
  to   space 2560K, 0% used [0x00000000eaf00000,0x00000000eaf00000,0x00000000eb180000)
 ParOldGen       total 319488K, used 317369K [0x00000000c0000000, 0x00000000d3800000, 0x00000000eab00000)
  object space 319488K, 99% used [0x00000000c0000000,0x00000000d35ee4a8,0x00000000d3800000)
 Metaspace       used 94186K, committed 95808K, reserved 1179648K
  class space    used 9663K, committed 10432K, reserved 1048576K
}
Event: 252.973 GC heap before
{Heap before GC invocations=463 (full 12):
 PSYoungGen      total 6656K, used 6176K [0x00000000eab00000, 0x00000000eb480000, 0x0000000100000000)
  eden space 4096K, 99% used [0x00000000eab00000,0x00000000eaeffff8,0x00000000eaf00000)
  from space 2560K, 81% used [0x00000000eb200000,0x00000000eb408040,0x00000000eb480000)
  to   space 2560K, 0% used [0x00000000eaf00000,0x00000000eaf00000,0x00000000eb180000)
 ParOldGen       total 319488K, used 317369K [0x00000000c0000000, 0x00000000d3800000, 0x00000000eab00000)
  object space 319488K, 99% used [0x00000000c0000000,0x00000000d35ee4a8,0x00000000d3800000)
 Metaspace       used 94189K, committed 95808K, reserved 1179648K
  class space    used 9663K, committed 10432K, reserved 1048576K
}
Event: 252.974 GC heap after
{Heap after GC invocations=463 (full 12):
 PSYoungGen      total 6656K, used 2192K [0x00000000eab00000, 0x00000000eb400000, 0x0000000100000000)
  eden space 4096K, 0% used [0x00000000eab00000,0x00000000eab00000,0x00000000eaf00000)
  from space 2560K, 85% used [0x00000000eaf00000,0x00000000eb124030,0x00000000eb180000)
  to   space 2560K, 0% used [0x00000000eb180000,0x00000000eb180000,0x00000000eb400000)
 ParOldGen       total 319488K, used 317369K [0x00000000c0000000, 0x00000000d3800000, 0x00000000eab00000)
  object space 319488K, 99% used [0x00000000c0000000,0x00000000d35ee4a8,0x00000000d3800000)
 Metaspace       used 94189K, committed 95808K, reserved 1179648K
  class space    used 9663K, committed 10432K, reserved 1048576K
}
Event: 252.979 GC heap before
{Heap before GC invocations=464 (full 12):
 PSYoungGen      total 6656K, used 6288K [0x00000000eab00000, 0x00000000eb400000, 0x0000000100000000)
  eden space 4096K, 100% used [0x00000000eab00000,0x00000000eaf00000,0x00000000eaf00000)
  from space 2560K, 85% used [0x00000000eaf00000,0x00000000eb124030,0x00000000eb180000)
  to   space 2560K, 0% used [0x00000000eb180000,0x00000000eb180000,0x00000000eb400000)
 ParOldGen       total 319488K, used 317369K [0x00000000c0000000, 0x00000000d3800000, 0x00000000eab00000)
  object space 319488K, 99% used [0x00000000c0000000,0x00000000d35ee4a8,0x00000000d3800000)
 Metaspace       used 94190K, committed 95808K, reserved 1179648K
  class space    used 9663K, committed 10432K, reserved 1048576K
}
Event: 252.980 GC heap after
{Heap after GC invocations=464 (full 12):
 PSYoungGen      total 3584K, used 2552K [0x00000000eab00000, 0x00000000eba00000, 0x0000000100000000)
  eden space 1024K, 0% used [0x00000000eab00000,0x00000000eab00000,0x00000000eac00000)
  from space 2560K, 99% used [0x00000000eb180000,0x00000000eb3fe3d0,0x00000000eb400000)
  to   space 5632K, 0% used [0x00000000eac00000,0x00000000eac00000,0x00000000eb180000)
 ParOldGen       total 320000K, used 319906K [0x00000000c0000000, 0x00000000d3880000, 0x00000000eab00000)
  object space 320000K, 99% used [0x00000000c0000000,0x00000000d3868848,0x00000000d3880000)
 Metaspace       used 94190K, committed 95808K, reserved 1179648K
  class space    used 9663K, committed 10432K, reserved 1048576K
}
Event: 252.981 GC heap before
{Heap before GC invocations=465 (full 13):
 PSYoungGen      total 3584K, used 3576K [0x00000000eab00000, 0x00000000eba00000, 0x0000000100000000)
  eden space 1024K, 100% used [0x00000000eab00000,0x00000000eac00000,0x00000000eac00000)
  from space 2560K, 99% used [0x00000000eb180000,0x00000000eb3fe3d0,0x00000000eb400000)
  to   space 5632K, 0% used [0x00000000eac00000,0x00000000eac00000,0x00000000eb180000)
 ParOldGen       total 320000K, used 319906K [0x00000000c0000000, 0x00000000d3880000, 0x00000000eab00000)
  object space 320000K, 99% used [0x00000000c0000000,0x00000000d3868848,0x00000000d3880000)
 Metaspace       used 94190K, committed 95808K, reserved 1179648K
  class space    used 9663K, committed 10432K, reserved 1048576K
}

